<?xml version="1.0" encoding="UTF-8"?>
<testng-results ignored="0" total="1" passed="1" failed="0" skipped="0">
  <reporter-output>
    <line>
      <![CDATA[Google]]>
    </line>
  </reporter-output>
  <suite started-at="2023-11-10T17:51:46Z" name="Default suite" finished-at="2023-11-10T17:52:59Z" duration-ms="73127">
    <groups>
    </groups>
    <test started-at="2023-11-10T17:51:46Z" name="Default test" finished-at="2023-11-10T17:52:59Z" duration-ms="73127">
      <class name="scripts.DemoTest">
        <test-method is-config="true" signature="preCondition()[pri:0, instance:scripts.DemoTest@72035809]" started-at="2023-11-10T17:51:46Z" name="preCondition" finished-at="2023-11-10T17:52:59Z" duration-ms="72908" status="PASS">
          <reporter-output>
          </reporter-output>
        </test-method> <!-- preCondition -->
        <test-method signature="testA()[pri:0, instance:scripts.DemoTest@72035809]" started-at="2023-11-10T17:52:59Z" name="testA" finished-at="2023-11-10T17:52:59Z" duration-ms="22" status="PASS">
          <reporter-output>
            <line>
              <![CDATA[Google]]>
            </line>
          </reporter-output>
        </test-method> <!-- testA -->
        <test-method is-config="true" signature="postCondition()[pri:0, instance:scripts.DemoTest@72035809]" started-at="2023-11-10T17:52:59Z" name="postCondition" finished-at="2023-11-10T17:52:59Z" duration-ms="171" status="PASS">
          <reporter-output>
          </reporter-output>
        </test-method> <!-- postCondition -->
      </class> <!-- scripts.DemoTest -->
    </test> <!-- Default test -->
  </suite> <!-- Default suite -->
</testng-results>
